<?xml version="1.0" encoding="UTF-8"?>
<!-- Generated by org.testng.reporters.JUnitReportReporter -->
<testsuite hostname="MCA2070152" failures="0" tests="4" name="BlessingsAuto.BlessingsTests.ParallelTest2" time="0.032" errors="0" timestamp="20 Jun 2023 16:32:35 GMT" skipped="0">
  <testcase classname="BlessingsAuto.BlessingsTests.ParallelTest2" name="test8" time="0.003"/>
  <testcase classname="BlessingsAuto.BlessingsTests.ParallelTest2" name="test6" time="0.003"/>
  <testcase classname="BlessingsAuto.BlessingsTests.ParallelTest2" name="test5" time="0.023"/>
  <testcase classname="BlessingsAuto.BlessingsTests.ParallelTest2" name="test7" time="0.003"/>
</testsuite> <!-- BlessingsAuto.BlessingsTests.ParallelTest2 -->
