<?xml version="1.0" encoding="UTF-8"?>
<!-- Generated by org.testng.reporters.JUnitReportReporter -->
<testsuite hostname="MCA2070152" failures="0" tests="4" name="BlessingsAuto.BlessingsTests.Grouping" time="0.028" errors="0" timestamp="19 Jun 2023 16:26:12 GMT" skipped="0">
  <testcase classname="BlessingsAuto.BlessingsTests.Grouping" name="test3" time="0.002"/>
  <testcase classname="BlessingsAuto.BlessingsTests.Grouping" name="test1" time="0.023"/>
  <testcase classname="BlessingsAuto.BlessingsTests.Grouping" name="test4" time="0.002"/>
  <testcase classname="BlessingsAuto.BlessingsTests.Grouping" name="test2" time="0.001"/>
</testsuite> <!-- BlessingsAuto.BlessingsTests.Grouping -->
