<?xml version="1.0" encoding="UTF-8"?>
<!-- Generated by org.testng.reporters.JUnitReportReporter -->
<testsuite hostname="MCA2070152" failures="0" tests="1" name="BlessingsAuto.BlessingsTests.Report" time="0.014" errors="0" timestamp="20 Jun 2023 16:55:53 GMT" skipped="0">
  <testcase classname="BlessingsAuto.BlessingsTests.Report" name="report" time="0.014"/>
</testsuite> <!-- BlessingsAuto.BlessingsTests.Report -->
