<?xml version="1.0" encoding="UTF-8"?>
<!-- Generated by org.testng.reporters.JUnitReportReporter -->
<testsuite hostname="MCA2070152" failures="0" tests="3" name="BlessingsAuto.BlessingsTests.EnableTest" time="0.014" errors="0" timestamp="19 Jun 2023 16:25:29 GMT" skipped="0">
  <testcase classname="BlessingsAuto.BlessingsTests.EnableTest" name="mno" time="0.001"/>
  <testcase classname="BlessingsAuto.BlessingsTests.EnableTest" name="hjk" time="0.001"/>
  <testcase classname="BlessingsAuto.BlessingsTests.EnableTest" name="abc" time="0.012"/>
</testsuite> <!-- BlessingsAuto.BlessingsTests.EnableTest -->
