<?xml version="1.0" encoding="UTF-8"?>
<!-- Generated by org.testng.reporters.JUnitReportReporter -->
<testsuite hostname="MCA2070152" failures="0" tests="4" name="BlessingsAuto.BlessingsTests.AnnotationsTest" time="0.020" errors="0" timestamp="19 Jun 2023 16:43:30 GMT" skipped="0">
  <testcase classname="BlessingsAuto.BlessingsTests.AnnotationsTest" name="test2" time="0.004"/>
  <testcase classname="BlessingsAuto.BlessingsTests.AnnotationsTest" name="test4" time="0.002"/>
  <testcase classname="BlessingsAuto.BlessingsTests.AnnotationsTest" name="test3" time="0.003"/>
  <testcase classname="BlessingsAuto.BlessingsTests.AnnotationsTest" name="test1" time="0.011"/>
</testsuite> <!-- BlessingsAuto.BlessingsTests.AnnotationsTest -->
