<?xml version="1.0" encoding="UTF-8"?>
<!-- Generated by org.testng.reporters.JUnitReportReporter -->
<testsuite hostname="MCA2070152" failures="0" tests="2" name="BlessingsAuto.BlessingsTests.Dataprovider" time="0.016" errors="0" timestamp="20 Jun 2023 11:21:28 GMT" skipped="0">
  <testcase classname="BlessingsAuto.BlessingsTests.Dataprovider" name="dataprotest" time="0.014"/>
  <testcase classname="BlessingsAuto.BlessingsTests.Dataprovider" name="dataprotest" time="0.002"/>
</testsuite> <!-- BlessingsAuto.BlessingsTests.Dataprovider -->
