<?xml version="1.0" encoding="UTF-8"?>
<!-- Generated by org.testng.reporters.JUnitReportReporter -->
<testsuite hostname="MCA2070152" failures="0" tests="6" name="BlessingsAuto.BlessingsTests.PriorityTest" time="0.027" errors="0" timestamp="03 Jul 2023 10:54:42 GMT" skipped="0">
  <testcase classname="BlessingsAuto.BlessingsTests.PriorityTest" name="ijk" time="0.022"/>
  <testcase classname="BlessingsAuto.BlessingsTests.PriorityTest" name="vxw" time="0.001"/>
  <testcase classname="BlessingsAuto.BlessingsTests.PriorityTest" name="mnp" time="0.001"/>
  <testcase classname="BlessingsAuto.BlessingsTests.PriorityTest" name="mno" time="0.001"/>
  <testcase classname="BlessingsAuto.BlessingsTests.PriorityTest" name="abc" time="0.001"/>
  <testcase classname="BlessingsAuto.BlessingsTests.PriorityTest" name="def" time="0.001"/>
</testsuite> <!-- BlessingsAuto.BlessingsTests.PriorityTest -->
