<?xml version="1.0" encoding="UTF-8"?>
<!-- Generated by org.testng.reporters.JUnitReportReporter -->
<testsuite hostname="MCA2070152" failures="0" tests="4" name="BlessingsAuto.BlessingsTests.Expections" time="0.024" errors="0" timestamp="19 Jun 2023 16:15:53 GMT" skipped="0">
  <testcase classname="BlessingsAuto.BlessingsTests.Expections" name="test2" time="0.002"/>
  <testcase classname="BlessingsAuto.BlessingsTests.Expections" name="test3" time="0.001"/>
  <testcase classname="BlessingsAuto.BlessingsTests.Expections" name="test1" time="0.020"/>
  <testcase classname="BlessingsAuto.BlessingsTests.Expections" name="test4" time="0.001"/>
</testsuite> <!-- BlessingsAuto.BlessingsTests.Expections -->
