<?xml version="1.0" encoding="UTF-8"?>
<!-- Generated by org.testng.reporters.JUnitReportReporter -->
<testsuite hostname="MCA2070152" failures="0" tests="4" name="BlessingsAuto.BlessingsTests.ParallelTest1" time="0.031" errors="0" timestamp="20 Jun 2023 16:32:35 GMT" skipped="0">
  <testcase classname="BlessingsAuto.BlessingsTests.ParallelTest1" name="test1" time="0.023"/>
  <testcase classname="BlessingsAuto.BlessingsTests.ParallelTest1" name="test3" time="0.002"/>
  <testcase classname="BlessingsAuto.BlessingsTests.ParallelTest1" name="test2" time="0.004"/>
  <testcase classname="BlessingsAuto.BlessingsTests.ParallelTest1" name="test4" time="0.002"/>
</testsuite> <!-- BlessingsAuto.BlessingsTests.ParallelTest1 -->
