<?xml version="1.0" encoding="UTF-8"?>
<!-- Generated by org.testng.reporters.JUnitReportReporter -->
<testsuite hostname="MCA2070152" failures="0" tests="6" name="BlessingsAuto.BlessingsTests.InvocationCount" time="0.030" errors="0" timestamp="21 Jun 2023 04:13:06 GMT" skipped="0">
  <testcase classname="BlessingsAuto.BlessingsTests.InvocationCount" name="test1" time="0.001"/>
  <testcase classname="BlessingsAuto.BlessingsTests.InvocationCount" name="test2" time="0.001"/>
  <testcase classname="BlessingsAuto.BlessingsTests.InvocationCount" name="test1" time="0.001"/>
  <testcase classname="BlessingsAuto.BlessingsTests.InvocationCount" name="test1" time="0.002"/>
  <testcase classname="BlessingsAuto.BlessingsTests.InvocationCount" name="test1" time="0.002"/>
  <testcase classname="BlessingsAuto.BlessingsTests.InvocationCount" name="test1" time="0.023"/>
</testsuite> <!-- BlessingsAuto.BlessingsTests.InvocationCount -->
