<?xml version="1.0" encoding="UTF-8"?>
<!-- Generated by org.testng.reporters.JUnitReportReporter -->
<testsuite hostname="MCA2070152" failures="0" tests="1" name="BlessingsAuto.BlessingsTests.ParameterTest" time="0.018" errors="0" timestamp="20 Jun 2023 10:13:05 GMT" skipped="0">
  <testcase classname="BlessingsAuto.BlessingsTests.ParameterTest" name="login" time="0.018"/>
</testsuite> <!-- BlessingsAuto.BlessingsTests.ParameterTest -->
